<?xml version="1.0" encoding="UTF-8"?>
<!-- Generated by org.testng.reporters.JUnitReportReporter -->
<testsuite hostname="DESKTOP-NSS53AG" failures="0" tests="3" name="veloc30Apriltg.annotationPractice" time="0.022" errors="0" timestamp="2023-04-13T21:12:03 IST" skipped="0">
  <testcase classname="veloc30Apriltg.annotationPractice" name="profilePageTest" time="0.013"/>
  <system-out>
    <![CDATA[Logged in to the application
Started Testing of ProfilePage Sucessfully
Tested ProfilePage Sucessfully
Logged out from the application]]>
  </system-out>
  <testcase classname="veloc30Apriltg.annotationPractice" name="homePageTest" time="0.006"/>
  <system-out>
    <![CDATA[Logged in to the application
Tested Home Page Sucessfully
Logged out from the application]]>
  </system-out>
  <testcase classname="veloc30Apriltg.annotationPractice" name="notificationPageTest" time="0.003"/>
  <system-out>
    <![CDATA[Logged in to the application
Tested NotificationPage Sucessfully
Logged out from the application]]>
  </system-out>
</testsuite> <!-- veloc30Apriltg.annotationPractice -->
