<?xml version="1.0" encoding="UTF-8"?>
<!-- Generated by org.testng.reporters.JUnitReportReporter -->
<testsuite hostname="DESKTOP-NSS53AG" failures="0" tests="3" name="Friday5th.TestCase2" time="0.003" errors="0" timestamp="2022-12-25T19:51:42 IST" skipped="0">
  <testcase classname="Friday5th.TestCase2" name="m5" time="0.001"/>
  <system-out/>
  <testcase classname="Friday5th.TestCase2" name="m6" time="0.001"/>
  <system-out/>
  <testcase classname="Friday5th.TestCase2" name="m4" time="0.001"/>
  <system-out/>
</testsuite> <!-- Friday5th.TestCase2 -->
