<?xml version="1.0" encoding="UTF-8"?>
<!-- Generated by org.testng.reporters.JUnitReportReporter -->
<testsuite hostname="DESKTOP-NSS53AG" failures="0" tests="3" name="veloc30Apriltg.Basics" time="0.009" errors="0" timestamp="2022-08-02T23:43:39 IST" skipped="0">
  <testcase classname="veloc30Apriltg.Basics" name="openurl" time="0.006"/>
  <system-out/>
  <testcase classname="veloc30Apriltg.Basics" name="login" time="0.001"/>
  <system-out/>
  <testcase classname="veloc30Apriltg.Basics" name="logout" time="0.002"/>
  <system-out/>
</testsuite> <!-- veloc30Apriltg.Basics -->
