<?xml version="1.0" encoding="UTF-8"?>
<!-- Generated by org.testng.reporters.JUnitReportReporter -->
<testsuite hostname="DESKTOP-NSS53AG" failures="0" tests="3" name="Friday5th.TestCase4" time="0.005" errors="0" timestamp="2022-12-25T19:51:42 IST" skipped="0">
  <testcase classname="Friday5th.TestCase4" name="m10" time="0.002"/>
  <system-out/>
  <testcase classname="Friday5th.TestCase4" name="m12" time="0.001"/>
  <system-out/>
  <testcase classname="Friday5th.TestCase4" name="m11" time="0.002"/>
  <system-out/>
</testsuite> <!-- Friday5th.TestCase4 -->
