<?xml version="1.0" encoding="UTF-8"?>
<!-- Generated by org.testng.reporters.JUnitReportReporter -->
<testsuite hostname="DESKTOP-NSS53AG" failures="0" tests="3" name="Friday5th.TestCase3" time="0.012" errors="0" timestamp="2022-12-25T19:51:42 IST" skipped="0">
  <testcase classname="Friday5th.TestCase3" name="m7" time="0.005"/>
  <system-out/>
  <testcase classname="Friday5th.TestCase3" name="m9" time="0.005"/>
  <system-out/>
  <testcase classname="Friday5th.TestCase3" name="m8" time="0.002"/>
  <system-out/>
</testsuite> <!-- Friday5th.TestCase3 -->
