<?xml version="1.0" encoding="UTF-8"?>
<!-- Generated by org.testng.reporters.JUnitReportReporter -->
<testsuite hostname="DESKTOP-NSS53AG" failures="0" tests="3" name="IncludeExcludeAlwaysRunPractice.Testcase2" time="0.009" errors="0" timestamp="2022-08-09T19:06:52 IST" skipped="0">
  <testcase classname="IncludeExcludeAlwaysRunPractice.Testcase2" name="Test5" time="0.002"/>
  <system-out/>
  <testcase classname="IncludeExcludeAlwaysRunPractice.Testcase2" name="Test4" time="0.005"/>
  <system-out/>
  <testcase classname="IncludeExcludeAlwaysRunPractice.Testcase2" name="Test6" time="0.002"/>
  <system-out/>
</testsuite> <!-- IncludeExcludeAlwaysRunPractice.Testcase2 -->
