<?xml version="1.0" encoding="UTF-8"?>
<!-- Generated by org.testng.reporters.JUnitReportReporter -->
<testsuite hostname="DESKTOP-NSS53AG" failures="0" tests="3" name="IncludeExcludeAlwaysRunPractice.Testcase1" time="0.006" errors="0" timestamp="2022-08-09T19:06:11 IST" skipped="0">
  <testcase classname="IncludeExcludeAlwaysRunPractice.Testcase1" name="Test1" time="0.004"/>
  <system-out/>
  <testcase classname="IncludeExcludeAlwaysRunPractice.Testcase1" name="Test2" time="0.002"/>
  <system-out/>
  <testcase classname="IncludeExcludeAlwaysRunPractice.Testcase1" name="Test3" time="0.000"/>
  <system-out/>
</testsuite> <!-- IncludeExcludeAlwaysRunPractice.Testcase1 -->
