<?xml version="1.0" encoding="UTF-8"?>
<!-- Generated by org.testng.reporters.JUnitReportReporter -->
<testsuite hostname="DESKTOP-NSS53AG" failures="0" tests="5" name="KyewordPractice.ThreadpoolsizePractice" time="97.073" errors="0" timestamp="2022-08-09T18:58:22 IST" skipped="0">
  <testcase classname="KyewordPractice.ThreadpoolsizePractice" name="openBrowser" time="20.622"/>
  <system-out/>
  <testcase classname="KyewordPractice.ThreadpoolsizePractice" name="openBrowser" time="17.581"/>
  <system-out/>
  <testcase classname="KyewordPractice.ThreadpoolsizePractice" name="openBrowser" time="17.520"/>
  <system-out/>
  <testcase classname="KyewordPractice.ThreadpoolsizePractice" name="openBrowser" time="20.622"/>
  <system-out/>
  <testcase classname="KyewordPractice.ThreadpoolsizePractice" name="openBrowser" time="20.728"/>
  <system-out/>
</testsuite> <!-- KyewordPractice.ThreadpoolsizePractice -->
