<?xml version="1.0" encoding="UTF-8"?>
<!-- Generated by org.testng.reporters.JUnitReportReporter -->
<testsuite hostname="DESKTOP-NSS53AG" failures="0" tests="3" name="Friday5th.TaseCase1" time="0.009" errors="0" timestamp="2022-12-25T19:51:42 IST" skipped="0">
  <testcase classname="Friday5th.TaseCase1" name="m2" time="0.002"/>
  <system-out/>
  <testcase classname="Friday5th.TaseCase1" name="m1" time="0.004"/>
  <system-out/>
  <testcase classname="Friday5th.TaseCase1" name="m3" time="0.003"/>
  <system-out/>
</testsuite> <!-- Friday5th.TaseCase1 -->
