<?xml version="1.0" encoding="UTF-8"?>
<!-- Generated by org.testng.reporters.JUnitReportReporter -->
<testsuite hostname="DESKTOP-NSS53AG" failures="0" tests="3" name="veloc30Apriltg.MethodAnotationsPractice" time="0.030" errors="0" timestamp="2022-08-08T06:39:44 IST" skipped="0">
  <testcase classname="veloc30Apriltg.MethodAnotationsPractice" name="profilePageTest" time="0.012"/>
  <system-out>
    <![CDATA[Logged in to the application
Started Testing of ProfilePage Sucessfully
Tested ProfilePage Sucessfully
Logged out from the application]]>
  </system-out>
  <testcase classname="veloc30Apriltg.MethodAnotationsPractice" name="homePageTest" time="0.009"/>
  <system-out>
    <![CDATA[Logged in to the application
Tested Home Page Sucessfully
Logged out from the application]]>
  </system-out>
  <testcase classname="veloc30Apriltg.MethodAnotationsPractice" name="notificationPageTest" time="0.009"/>
  <system-out>
    <![CDATA[Logged in to the application
Tested NotificationPage Sucessfully
Logged out from the application]]>
  </system-out>
</testsuite> <!-- veloc30Apriltg.MethodAnotationsPractice -->
